2026-02-12 23:42:53,286 INFO Starting Optuna MOS training
2026-02-12 23:42:53,286 INFO data_root=/home/gkbrkgrr/Desktop/polymarket-weather-trading/data/train_data/gfs out_dir=/home/gkbrkgrr/Desktop/polymarket-weather-trading/models/tmax_mos_xgb_optuna_v1
2026-02-12 23:42:53,286 INFO valid_frac=0.200 n_trials=300 optuna_jobs=8 xgb_threads_per_trial=4 n_estimators=20000
2026-02-12 23:42:53,326 INFO Found 16425 parquet files under /home/gkbrkgrr/Desktop/polymarket-weather-trading/data/train_data/gfs
2026-02-12 23:42:55,376 INFO Loaded 82125 rows from parquet dataset
2026-02-12 23:42:55,944 INFO Dropped 9125 rows with missing required predictor/target/date fields
2026-02-12 23:42:55,948 INFO Rows remaining after cleaning: 73000
2026-02-12 23:42:55,951 INFO Split by target_date_local: unique_dates=1831 cutoff_index=1464 cutoff_date=2025-01-03 train_rows=58415 valid_rows=14585
2026-02-12 23:42:55,952 INFO Baseline validation metrics (raw forecast): RMSE=3.225026 MAE=2.293407 Bias=-1.261380
2026-02-12 23:42:56,150 INFO Optuna study ready: name=tmax_mos_xgb_optuna_v1 storage=sqlite:////home/gkbrkgrr/Desktop/polymarket-weather-trading/models/tmax_mos_xgb_optuna_v1/optuna_study.db existing_trials=0
2026-02-12 23:42:56,150 INFO Starting Optuna optimization
2026-02-12 23:57:43,407 INFO Saved trial history: /home/gkbrkgrr/Desktop/polymarket-weather-trading/models/tmax_mos_xgb_optuna_v1/optuna_trials.csv
2026-02-12 23:57:43,408 INFO Best trial: number=139 corrected_rmse=1.752892 params={"colsample_bytree": 0.5543298453964927, "early_stopping_rounds": 782, "gamma": 7.832331662041009, "grow_policy": "depthwise", "learning_rate": 0.005716146272888001, "max_delta_step": 0, "max_depth": 6, "min_child_weight": 3.3611197815311615, "reg_alpha": 8.816481514840575, "reg_lambda": 21.50355286769426, "subsample": 0.8440652999731203}
2026-02-12 23:57:43,408 INFO Training final model with best params
2026-02-12 23:57:51,933 INFO Final corrected validation metrics: RMSE=1.752892 MAE=1.308119 Bias=-0.023691
2026-02-12 23:57:51,936 INFO Per-city metrics:
  city_name  rows  baseline_rmse  baseline_mae  baseline_bias  corrected_rmse  corrected_mae  corrected_bias
     Ankara  1825       5.105365      3.717426      -3.631927        1.614102       1.158826       -0.152376
    Atlanta  1458       2.120486      1.655770      -0.403730        1.724545       1.282305       -0.169423
BuenosAires  1458       2.342838      1.895263      -0.346219        1.855805       1.481442       -0.637726
     Dallas  1458       2.438891      1.894638       0.676129        2.008586       1.475692        0.493934
     London  1825       3.241068      2.186373      -1.538143        1.683097       1.259451        0.083262
        NYC  1458       2.219221      1.653445      -0.843211        1.863017       1.343604       -0.092069
    Seattle  1820       2.236361      1.657820       0.040397        1.589059       1.223658        0.080356
      Seoul  1825       4.523617      3.643588      -3.358388        1.753661       1.335816        0.180979
    Toronto  1458       2.356648      1.822776      -1.076328        1.733507       1.276110       -0.072034
2026-02-12 23:57:52,045 INFO Saved model pipeline: /home/gkbrkgrr/Desktop/polymarket-weather-trading/models/tmax_mos_xgb_optuna_v1/model.joblib
2026-02-12 23:57:52,045 INFO Saved best params: /home/gkbrkgrr/Desktop/polymarket-weather-trading/models/tmax_mos_xgb_optuna_v1/best_params.json
2026-02-12 23:57:52,045 INFO Saved metrics: /home/gkbrkgrr/Desktop/polymarket-weather-trading/models/tmax_mos_xgb_optuna_v1/metrics.json
2026-02-12 23:57:52,045 INFO Saved Optuna study DB: /home/gkbrkgrr/Desktop/polymarket-weather-trading/models/tmax_mos_xgb_optuna_v1/optuna_study.db
2026-02-13 20:36:36,346 INFO Starting Optuna MOS training
2026-02-13 20:36:36,346 INFO data_root=/home/gkbrkgrr/Desktop/polymarket-weather-trading/data/train_data/gfs out_dir=/home/gkbrkgrr/Desktop/polymarket-weather-trading/models/tmax_mos_xgb_optuna_v1
2026-02-13 20:36:36,346 INFO valid_frac=0.200 n_trials=300 optuna_jobs=8 xgb_threads_per_trial=4 n_estimators=20000
2026-02-13 20:36:36,388 INFO Found 16425 parquet files under /home/gkbrkgrr/Desktop/polymarket-weather-trading/data/train_data/gfs
2026-02-13 20:36:38,471 INFO Loaded 82125 rows from parquet dataset
2026-02-13 20:36:39,103 INFO Dropped 9125 rows with missing required predictor/target/date fields
2026-02-13 20:36:39,107 INFO Rows remaining after cleaning: 73000
2026-02-13 20:36:39,110 INFO Split by target_date_local: unique_dates=1831 cutoff_index=1464 cutoff_date=2025-01-03 train_rows=58415 valid_rows=14585
2026-02-13 20:36:39,111 INFO Baseline validation metrics (raw forecast): RMSE=3.225026 MAE=2.293407 Bias=-1.261380
2026-02-13 20:36:39,300 INFO Optuna study ready: name=tmax_mos_xgb_optuna_v1 storage=sqlite:////home/gkbrkgrr/Desktop/polymarket-weather-trading/models/tmax_mos_xgb_optuna_v1/optuna_study.db existing_trials=300
2026-02-13 20:36:39,300 INFO Starting Optuna optimization
2026-02-13 20:55:24,581 INFO Saved trial history: /home/gkbrkgrr/Desktop/polymarket-weather-trading/models/tmax_mos_xgb_optuna_v1/optuna_trials.csv
2026-02-13 20:55:24,582 INFO Best trial: number=353 corrected_rmse=1.752162 params={"colsample_bytree": 0.6334006821227435, "early_stopping_rounds": 455, "gamma": 9.484379522322527, "grow_policy": "lossguide", "learning_rate": 0.005017216447066324, "max_delta_step": 9, "max_depth": 7, "max_leaves": 341, "min_child_weight": 0.18086652082989604, "reg_alpha": 2.8034080374296323e-05, "reg_lambda": 27.660457370407904, "subsample": 0.80015712893305}
2026-02-13 20:55:24,582 INFO Training final model with best params
2026-02-13 20:55:34,585 INFO Final corrected validation metrics: RMSE=1.752162 MAE=1.307160 Bias=-0.023712
2026-02-13 20:55:34,588 INFO Per-city metrics:
  city_name  rows  baseline_rmse  baseline_mae  baseline_bias  corrected_rmse  corrected_mae  corrected_bias
     Ankara  1825       5.105365      3.717426      -3.631927        1.613218       1.157220       -0.151917
    Atlanta  1458       2.120486      1.655770      -0.403730        1.726900       1.283640       -0.158635
BuenosAires  1458       2.342838      1.895263      -0.346219        1.856045       1.482471       -0.634421
     Dallas  1458       2.438891      1.894638       0.676129        2.006922       1.474651        0.493402
     London  1825       3.241068      2.186373      -1.538143        1.684769       1.262098        0.082496
        NYC  1458       2.219221      1.653445      -0.843211        1.860946       1.340684       -0.088387
    Seattle  1820       2.236361      1.657820       0.040397        1.583289       1.218914        0.079727
      Seoul  1825       4.523617      3.643588      -3.358388        1.748013       1.329781        0.173934
    Toronto  1458       2.356648      1.822776      -1.076328        1.740387       1.280285       -0.079508
2026-02-13 20:55:34,714 INFO Saved model pipeline: /home/gkbrkgrr/Desktop/polymarket-weather-trading/models/tmax_mos_xgb_optuna_v1/model.joblib
2026-02-13 20:55:34,714 INFO Saved best params: /home/gkbrkgrr/Desktop/polymarket-weather-trading/models/tmax_mos_xgb_optuna_v1/best_params.json
2026-02-13 20:55:34,714 INFO Saved metrics: /home/gkbrkgrr/Desktop/polymarket-weather-trading/models/tmax_mos_xgb_optuna_v1/metrics.json
2026-02-13 20:55:34,714 INFO Saved Optuna study DB: /home/gkbrkgrr/Desktop/polymarket-weather-trading/models/tmax_mos_xgb_optuna_v1/optuna_study.db
