Found 16425 parquet files under /home/gkbrkgrr/Desktop/polymarket-weather-trading/data/train_data/gfs
Loaded 82125 rows before cleaning
Removed 9125 rows with missing required predictors/target/date
Remaining rows after cleaning: 73000
Split by target_date_local: cutoff_date=2025-01-03 train_rows=58415 valid_rows=14585

Validation metrics (overall)
Baseline raw GFS: RMSE=3.2250 MAE=2.2934 Bias=-1.2614
Corrected MOS:    RMSE=1.8553 MAE=1.3874 Bias=-0.0306

Validation metrics by city
  city_name  rows  baseline_rmse  baseline_mae  baseline_bias  corrected_rmse  corrected_mae  corrected_bias
     Ankara  1825         5.1054        3.7174        -3.6319          1.6826         1.2195         -0.1578
    Atlanta  1458         2.1205        1.6558        -0.4037          1.8551         1.3803         -0.1091
BuenosAires  1458         2.3428        1.8953        -0.3462          1.9599         1.5363         -0.7050
     Dallas  1458         2.4389        1.8946         0.6761          2.1413         1.6013          0.4400
     London  1825         3.2411        2.1864        -1.5381          1.8172         1.3723          0.0576
        NYC  1458         2.2192        1.6534        -0.8432          1.9495         1.3855         -0.0769
    Seattle  1820         2.2364        1.6578         0.0404          1.6552         1.2956          0.0704
      Seoul  1825         4.5236        3.6436        -3.3584          1.8176         1.4018          0.2025
    Toronto  1458         2.3566        1.8228        -1.0763          1.8795         1.3591         -0.0706

Saved model pipeline: /home/gkbrkgrr/Desktop/polymarket-weather-trading/models/tmax_mos_xgb_v1/model.joblib
Saved metrics: /home/gkbrkgrr/Desktop/polymarket-weather-trading/models/tmax_mos_xgb_v1/metrics.json
