2026-02-20 16:26:59 | INFO | Starting bias-correction run 20260220_132659
2026-02-20 16:26:59 | INFO | predictions_root=/home/gkbrkgrr/Desktop/polymarket-weather-trading/data/ml_predictions
2026-02-20 16:27:00 | INFO | Discovered 29898 prediction files across 2 models (skipped=0, parquet-fallback=0)
2026-02-20 16:27:00 | INFO | Date windows: train=2025010100..2025123118 backfill=2026010100..2026022006
2026-02-20 16:27:00 | INFO | Selected 26262 training files and 3636 backfill files
2026-02-20 16:27:00 | INFO | Loading external observations from directory: /home/gkbrkgrr/Desktop/polymarket-weather-trading/data/observations (9 files)
2026-02-20 16:27:01 | INFO | Loaded 85237 external daily observation rows
2026-02-20 16:28:38 | INFO | Training normalization warnings (1 unique):
2026-02-20 16:28:38 | INFO |   [26262] station_name missing: derived from city + station_lat/station_lon
2026-02-20 16:28:38 | INFO | Filled 124742 missing observation values from external source using keys=city,target_date
2026-02-20 16:28:38 | INFO | Built normalized training table in 96.9s and saved to /home/gkbrkgrr/Desktop/polymarket-weather-trading/bias_correction/intermediate/normalized_train_2025010100_2025123118_xgb_xgb_opt.parquet
2026-02-20 16:28:42 | INFO | Computed Stage-A training table in 3.9s (state updates=124742) and saved to /home/gkbrkgrr/Desktop/polymarket-weather-trading/bias_correction/intermediate/stagea_train_2025010100_2025123118_xgb_xgb_opt.parquet
2026-02-20 16:28:44 | INFO | Stage-B trained (single model) valid RMSE 1.7776 -> 1.9532
2026-02-20 16:28:45 | INFO | Filled 80 missing observation values from external source using keys=city,target_date
2026-02-20 16:28:45 | INFO | Filled 88 missing observation values from external source using keys=city,target_date
2026-02-20 16:28:45 | INFO | Filled 88 missing observation values from external source using keys=city,target_date
2026-02-20 16:28:45 | INFO | Filled 86 missing observation values from external source using keys=city,target_date
2026-02-20 16:28:46 | INFO | Filled 80 missing observation values from external source using keys=city,target_date
2026-02-20 16:28:46 | INFO | Filled 88 missing observation values from external source using keys=city,target_date
2026-02-20 16:28:46 | INFO | Filled 88 missing observation values from external source using keys=city,target_date
2026-02-20 16:28:46 | INFO | Filled 86 missing observation values from external source using keys=city,target_date
2026-02-20 16:28:46 | INFO | Filled 80 missing observation values from external source using keys=city,target_date
2026-02-20 16:28:46 | INFO | Filled 88 missing observation values from external source using keys=city,target_date
2026-02-20 16:28:47 | INFO | Filled 88 missing observation values from external source using keys=city,target_date
2026-02-20 16:28:47 | INFO | Filled 86 missing observation values from external source using keys=city,target_date
2026-02-20 16:28:47 | INFO | Filled 80 missing observation values from external source using keys=city,target_date
2026-02-20 16:28:47 | INFO | Filled 88 missing observation values from external source using keys=city,target_date
2026-02-20 16:28:47 | INFO | Filled 88 missing observation values from external source using keys=city,target_date
2026-02-20 16:28:47 | INFO | Filled 86 missing observation values from external source using keys=city,target_date
2026-02-20 16:28:48 | INFO | Filled 80 missing observation values from external source using keys=city,target_date
2026-02-20 16:28:48 | INFO | Filled 88 missing observation values from external source using keys=city,target_date
2026-02-20 16:28:48 | INFO | Filled 88 missing observation values from external source using keys=city,target_date
2026-02-20 16:28:48 | INFO | Filled 86 missing observation values from external source using keys=city,target_date
2026-02-20 16:28:48 | INFO | Filled 80 missing observation values from external source using keys=city,target_date
2026-02-20 16:28:49 | INFO | Filled 88 missing observation values from external source using keys=city,target_date
2026-02-20 16:28:49 | INFO | Filled 88 missing observation values from external source using keys=city,target_date
2026-02-20 16:28:49 | INFO | Filled 86 missing observation values from external source using keys=city,target_date
2026-02-20 16:28:49 | INFO | Filled 80 missing observation values from external source using keys=city,target_date
2026-02-20 16:28:50 | INFO | Filled 88 missing observation values from external source using keys=city,target_date
2026-02-20 16:28:50 | INFO | Filled 88 missing observation values from external source using keys=city,target_date
2026-02-20 16:28:50 | INFO | Filled 86 missing observation values from external source using keys=city,target_date
2026-02-20 16:28:50 | INFO | Filled 80 missing observation values from external source using keys=city,target_date
2026-02-20 16:28:51 | INFO | Filled 88 missing observation values from external source using keys=city,target_date
2026-02-20 16:28:51 | INFO | Filled 88 missing observation values from external source using keys=city,target_date
2026-02-20 16:28:51 | INFO | Filled 86 missing observation values from external source using keys=city,target_date
2026-02-20 16:28:51 | INFO | Filled 80 missing observation values from external source using keys=city,target_date
2026-02-20 16:28:51 | INFO | Filled 88 missing observation values from external source using keys=city,target_date
2026-02-20 16:28:51 | INFO | Filled 88 missing observation values from external source using keys=city,target_date
2026-02-20 16:28:51 | INFO | Filled 86 missing observation values from external source using keys=city,target_date
2026-02-20 16:28:51 | INFO | Filled 80 missing observation values from external source using keys=city,target_date
2026-02-20 16:28:52 | INFO | Filled 88 missing observation values from external source using keys=city,target_date
2026-02-20 16:28:52 | INFO | Filled 88 missing observation values from external source using keys=city,target_date
2026-02-20 16:28:52 | INFO | Filled 86 missing observation values from external source using keys=city,target_date
2026-02-20 16:28:52 | INFO | Filled 80 missing observation values from external source using keys=city,target_date
2026-02-20 16:28:52 | INFO | Filled 88 missing observation values from external source using keys=city,target_date
2026-02-20 16:28:52 | INFO | Filled 88 missing observation values from external source using keys=city,target_date
2026-02-20 16:28:52 | INFO | Filled 86 missing observation values from external source using keys=city,target_date
2026-02-20 16:28:53 | INFO | Filled 80 missing observation values from external source using keys=city,target_date
2026-02-20 16:28:53 | INFO | Filled 88 missing observation values from external source using keys=city,target_date
2026-02-20 16:28:53 | INFO | Filled 88 missing observation values from external source using keys=city,target_date
2026-02-20 16:28:53 | INFO | Filled 86 missing observation values from external source using keys=city,target_date
2026-02-20 16:28:53 | INFO | Filled 80 missing observation values from external source using keys=city,target_date
2026-02-20 16:28:53 | INFO | Filled 88 missing observation values from external source using keys=city,target_date
2026-02-20 16:28:53 | INFO | Filled 88 missing observation values from external source using keys=city,target_date
2026-02-20 16:28:54 | INFO | Filled 86 missing observation values from external source using keys=city,target_date
2026-02-20 16:28:54 | INFO | Filled 80 missing observation values from external source using keys=city,target_date
2026-02-20 16:28:54 | INFO | Filled 88 missing observation values from external source using keys=city,target_date
2026-02-20 16:28:54 | INFO | Filled 88 missing observation values from external source using keys=city,target_date
2026-02-20 16:28:54 | INFO | Filled 86 missing observation values from external source using keys=city,target_date
2026-02-20 16:28:54 | INFO | Filled 80 missing observation values from external source using keys=city,target_date
2026-02-20 16:28:54 | INFO | Filled 88 missing observation values from external source using keys=city,target_date
2026-02-20 16:28:54 | INFO | Filled 88 missing observation values from external source using keys=city,target_date
2026-02-20 16:28:55 | INFO | Filled 86 missing observation values from external source using keys=city,target_date
2026-02-20 16:28:55 | INFO | Filled 80 missing observation values from external source using keys=city,target_date
2026-02-20 16:28:55 | INFO | Filled 88 missing observation values from external source using keys=city,target_date
2026-02-20 16:28:55 | INFO | Filled 88 missing observation values from external source using keys=city,target_date
2026-02-20 16:28:55 | INFO | Filled 86 missing observation values from external source using keys=city,target_date
2026-02-20 16:28:55 | INFO | Filled 80 missing observation values from external source using keys=city,target_date
2026-02-20 16:28:55 | INFO | Filled 88 missing observation values from external source using keys=city,target_date
2026-02-20 16:28:56 | INFO | Filled 88 missing observation values from external source using keys=city,target_date
2026-02-20 16:28:56 | INFO | Filled 86 missing observation values from external source using keys=city,target_date
2026-02-20 16:28:56 | INFO | Filled 80 missing observation values from external source using keys=city,target_date
2026-02-20 16:28:56 | INFO | Filled 88 missing observation values from external source using keys=city,target_date
2026-02-20 16:28:56 | INFO | Filled 88 missing observation values from external source using keys=city,target_date
2026-02-20 16:28:56 | INFO | Filled 86 missing observation values from external source using keys=city,target_date
2026-02-20 16:28:56 | INFO | Filled 80 missing observation values from external source using keys=city,target_date
2026-02-20 16:28:56 | INFO | Filled 88 missing observation values from external source using keys=city,target_date
2026-02-20 16:28:57 | INFO | Filled 88 missing observation values from external source using keys=city,target_date
2026-02-20 16:28:57 | INFO | Filled 86 missing observation values from external source using keys=city,target_date
2026-02-20 16:28:57 | INFO | Filled 80 missing observation values from external source using keys=city,target_date
2026-02-20 16:28:57 | INFO | Filled 88 missing observation values from external source using keys=city,target_date
2026-02-20 16:28:57 | INFO | Filled 88 missing observation values from external source using keys=city,target_date
2026-02-20 16:28:57 | INFO | Filled 86 missing observation values from external source using keys=city,target_date
2026-02-20 16:28:57 | INFO | Filled 80 missing observation values from external source using keys=city,target_date
2026-02-20 16:28:58 | INFO | Filled 88 missing observation values from external source using keys=city,target_date
2026-02-20 16:28:58 | INFO | Filled 88 missing observation values from external source using keys=city,target_date
2026-02-20 16:28:58 | INFO | Filled 86 missing observation values from external source using keys=city,target_date
2026-02-20 16:28:58 | INFO | Filled 80 missing observation values from external source using keys=city,target_date
2026-02-20 16:28:58 | INFO | Filled 88 missing observation values from external source using keys=city,target_date
2026-02-20 16:28:58 | INFO | Filled 88 missing observation values from external source using keys=city,target_date
2026-02-20 16:28:58 | INFO | Filled 86 missing observation values from external source using keys=city,target_date
2026-02-20 16:28:58 | INFO | Filled 80 missing observation values from external source using keys=city,target_date
2026-02-20 16:28:59 | INFO | Filled 88 missing observation values from external source using keys=city,target_date
2026-02-20 16:28:59 | INFO | Filled 88 missing observation values from external source using keys=city,target_date
2026-02-20 16:28:59 | INFO | Filled 86 missing observation values from external source using keys=city,target_date
2026-02-20 16:28:59 | INFO | Filled 80 missing observation values from external source using keys=city,target_date
2026-02-20 16:28:59 | INFO | Filled 88 missing observation values from external source using keys=city,target_date
2026-02-20 16:28:59 | INFO | Filled 88 missing observation values from external source using keys=city,target_date
2026-02-20 16:29:00 | INFO | Filled 86 missing observation values from external source using keys=city,target_date
2026-02-20 16:29:00 | INFO | Filled 80 missing observation values from external source using keys=city,target_date
2026-02-20 16:29:00 | INFO | Filled 88 missing observation values from external source using keys=city,target_date
2026-02-20 16:29:00 | INFO | Filled 88 missing observation values from external source using keys=city,target_date
2026-02-20 16:29:00 | INFO | Filled 86 missing observation values from external source using keys=city,target_date
2026-02-20 16:29:00 | INFO | Filled 80 missing observation values from external source using keys=city,target_date
2026-02-20 16:29:00 | INFO | Filled 88 missing observation values from external source using keys=city,target_date
2026-02-20 16:29:00 | INFO | Filled 88 missing observation values from external source using keys=city,target_date
2026-02-20 16:29:01 | INFO | Filled 86 missing observation values from external source using keys=city,target_date
2026-02-20 16:29:01 | INFO | Filled 80 missing observation values from external source using keys=city,target_date
2026-02-20 16:29:01 | INFO | Filled 88 missing observation values from external source using keys=city,target_date
2026-02-20 16:29:01 | INFO | Filled 88 missing observation values from external source using keys=city,target_date
2026-02-20 16:29:01 | INFO | Filled 86 missing observation values from external source using keys=city,target_date
2026-02-20 16:29:01 | INFO | Filled 80 missing observation values from external source using keys=city,target_date
2026-02-20 16:29:01 | INFO | Filled 88 missing observation values from external source using keys=city,target_date
2026-02-20 16:29:02 | INFO | Filled 88 missing observation values from external source using keys=city,target_date
2026-02-20 16:29:02 | INFO | Filled 86 missing observation values from external source using keys=city,target_date
2026-02-20 16:29:02 | INFO | Filled 80 missing observation values from external source using keys=city,target_date
2026-02-20 16:29:02 | INFO | Filled 88 missing observation values from external source using keys=city,target_date
2026-02-20 16:29:02 | INFO | Filled 88 missing observation values from external source using keys=city,target_date
2026-02-20 16:29:02 | INFO | Filled 86 missing observation values from external source using keys=city,target_date
2026-02-20 16:29:02 | INFO | Filled 80 missing observation values from external source using keys=city,target_date
2026-02-20 16:29:02 | INFO | Filled 88 missing observation values from external source using keys=city,target_date
2026-02-20 16:29:03 | INFO | Filled 88 missing observation values from external source using keys=city,target_date
2026-02-20 16:29:03 | INFO | Filled 86 missing observation values from external source using keys=city,target_date
2026-02-20 16:29:03 | INFO | Filled 80 missing observation values from external source using keys=city,target_date
2026-02-20 16:29:03 | INFO | Filled 88 missing observation values from external source using keys=city,target_date
2026-02-20 16:29:03 | INFO | Filled 88 missing observation values from external source using keys=city,target_date
2026-02-20 16:29:04 | INFO | Filled 86 missing observation values from external source using keys=city,target_date
2026-02-20 16:29:04 | INFO | Filled 80 missing observation values from external source using keys=city,target_date
2026-02-20 16:29:04 | INFO | Filled 88 missing observation values from external source using keys=city,target_date
2026-02-20 16:29:04 | INFO | Filled 88 missing observation values from external source using keys=city,target_date
2026-02-20 16:29:04 | INFO | Filled 86 missing observation values from external source using keys=city,target_date
2026-02-20 16:29:05 | INFO | Filled 80 missing observation values from external source using keys=city,target_date
2026-02-20 16:29:05 | INFO | Filled 88 missing observation values from external source using keys=city,target_date
2026-02-20 16:29:05 | INFO | Filled 88 missing observation values from external source using keys=city,target_date
2026-02-20 16:29:05 | INFO | Filled 86 missing observation values from external source using keys=city,target_date
2026-02-20 16:29:05 | INFO | Filled 80 missing observation values from external source using keys=city,target_date
2026-02-20 16:29:06 | INFO | Filled 88 missing observation values from external source using keys=city,target_date
2026-02-20 16:29:06 | INFO | Filled 88 missing observation values from external source using keys=city,target_date
2026-02-20 16:29:06 | INFO | Filled 86 missing observation values from external source using keys=city,target_date
2026-02-20 16:29:06 | INFO | Filled 80 missing observation values from external source using keys=city,target_date
2026-02-20 16:29:06 | INFO | Filled 88 missing observation values from external source using keys=city,target_date
2026-02-20 16:29:07 | INFO | Filled 88 missing observation values from external source using keys=city,target_date
2026-02-20 16:29:07 | INFO | Filled 86 missing observation values from external source using keys=city,target_date
2026-02-20 16:29:07 | INFO | Filled 80 missing observation values from external source using keys=city,target_date
2026-02-20 16:29:07 | INFO | Filled 88 missing observation values from external source using keys=city,target_date
2026-02-20 16:29:07 | INFO | Filled 88 missing observation values from external source using keys=city,target_date
2026-02-20 16:29:08 | INFO | Filled 86 missing observation values from external source using keys=city,target_date
2026-02-20 16:29:08 | INFO | Filled 80 missing observation values from external source using keys=city,target_date
2026-02-20 16:29:08 | INFO | Filled 88 missing observation values from external source using keys=city,target_date
2026-02-20 16:29:08 | INFO | Filled 88 missing observation values from external source using keys=city,target_date
2026-02-20 16:29:08 | INFO | Filled 86 missing observation values from external source using keys=city,target_date
2026-02-20 16:29:08 | INFO | Filled 80 missing observation values from external source using keys=city,target_date
2026-02-20 16:29:09 | INFO | Filled 88 missing observation values from external source using keys=city,target_date
2026-02-20 16:29:09 | INFO | Filled 88 missing observation values from external source using keys=city,target_date
2026-02-20 16:29:09 | INFO | Filled 86 missing observation values from external source using keys=city,target_date
2026-02-20 16:29:09 | INFO | Filled 80 missing observation values from external source using keys=city,target_date
2026-02-20 16:29:10 | INFO | Filled 88 missing observation values from external source using keys=city,target_date
2026-02-20 16:29:10 | INFO | Filled 88 missing observation values from external source using keys=city,target_date
2026-02-20 16:29:10 | INFO | Filled 86 missing observation values from external source using keys=city,target_date
2026-02-20 16:29:10 | INFO | Filled 80 missing observation values from external source using keys=city,target_date
2026-02-20 16:29:10 | INFO | Filled 88 missing observation values from external source using keys=city,target_date
2026-02-20 16:29:11 | INFO | Filled 88 missing observation values from external source using keys=city,target_date
2026-02-20 16:29:11 | INFO | Filled 86 missing observation values from external source using keys=city,target_date
2026-02-20 16:29:11 | INFO | Filled 80 missing observation values from external source using keys=city,target_date
2026-02-20 16:29:11 | INFO | Filled 88 missing observation values from external source using keys=city,target_date
2026-02-20 16:29:12 | INFO | Filled 88 missing observation values from external source using keys=city,target_date
2026-02-20 16:29:12 | INFO | Filled 86 missing observation values from external source using keys=city,target_date
2026-02-20 16:29:13 | INFO | Filled 80 missing observation values from external source using keys=city,target_date
2026-02-20 16:29:13 | INFO | Filled 88 missing observation values from external source using keys=city,target_date
2026-02-20 16:29:13 | INFO | Filled 88 missing observation values from external source using keys=city,target_date
2026-02-20 16:29:13 | INFO | Filled 86 missing observation values from external source using keys=city,target_date
2026-02-20 16:29:14 | INFO | Filled 80 missing observation values from external source using keys=city,target_date
2026-02-20 16:29:14 | INFO | Filled 88 missing observation values from external source using keys=city,target_date
2026-02-20 16:29:14 | INFO | Filled 88 missing observation values from external source using keys=city,target_date
2026-02-20 16:29:15 | INFO | Filled 86 missing observation values from external source using keys=city,target_date
2026-02-20 16:29:15 | INFO | Filled 80 missing observation values from external source using keys=city,target_date
2026-02-20 16:29:15 | INFO | Filled 88 missing observation values from external source using keys=city,target_date
2026-02-20 16:29:15 | INFO | Filled 88 missing observation values from external source using keys=city,target_date
2026-02-20 16:29:16 | INFO | Filled 86 missing observation values from external source using keys=city,target_date
2026-02-20 16:29:16 | INFO | Filled 80 missing observation values from external source using keys=city,target_date
2026-02-20 16:29:17 | INFO | Filled 88 missing observation values from external source using keys=city,target_date
2026-02-20 16:29:17 | INFO | Filled 88 missing observation values from external source using keys=city,target_date
2026-02-20 16:29:17 | INFO | Filled 86 missing observation values from external source using keys=city,target_date
2026-02-20 16:29:18 | INFO | Filled 80 missing observation values from external source using keys=city,target_date
2026-02-20 16:29:18 | INFO | Filled 88 missing observation values from external source using keys=city,target_date
2026-02-20 16:29:18 | INFO | Filled 88 missing observation values from external source using keys=city,target_date
2026-02-20 16:29:19 | INFO | Filled 86 missing observation values from external source using keys=city,target_date
2026-02-20 16:29:19 | INFO | Filled 80 missing observation values from external source using keys=city,target_date
2026-02-20 16:29:19 | INFO | Filled 88 missing observation values from external source using keys=city,target_date
2026-02-20 16:29:19 | INFO | Filled 88 missing observation values from external source using keys=city,target_date
2026-02-20 16:29:20 | INFO | Filled 84 missing observation values from external source using keys=city,target_date
2026-02-20 16:29:20 | INFO | Filled 74 missing observation values from external source using keys=city,target_date
2026-02-20 16:29:20 | INFO | Filled 72 missing observation values from external source using keys=city,target_date
2026-02-20 16:29:21 | INFO | Filled 70 missing observation values from external source using keys=city,target_date
2026-02-20 16:29:21 | INFO | Filled 66 missing observation values from external source using keys=city,target_date
2026-02-20 16:29:21 | INFO | Filled 56 missing observation values from external source using keys=city,target_date
2026-02-20 16:29:22 | INFO | Filled 54 missing observation values from external source using keys=city,target_date
2026-02-20 16:29:22 | INFO | Filled 52 missing observation values from external source using keys=city,target_date
2026-02-20 16:29:22 | INFO | Filled 48 missing observation values from external source using keys=city,target_date
2026-02-20 16:29:22 | INFO | Filled 38 missing observation values from external source using keys=city,target_date
2026-02-20 16:29:23 | INFO | Filled 36 missing observation values from external source using keys=city,target_date
2026-02-20 16:29:23 | INFO | Filled 34 missing observation values from external source using keys=city,target_date
2026-02-20 16:29:23 | INFO | Filled 30 missing observation values from external source using keys=city,target_date
2026-02-20 16:29:23 | INFO | Filled 20 missing observation values from external source using keys=city,target_date
2026-02-20 16:29:23 | INFO | Filled 18 missing observation values from external source using keys=city,target_date
2026-02-20 16:29:23 | INFO | Backfill normalization warnings (1 unique):
2026-02-20 16:29:23 | INFO |   [3636] station_name missing: derived from city + station_lat/station_lon
2026-02-20 16:29:23 | INFO | Top station/cycle/lead groups with insufficient Stage-A primary history (showing 20):
2026-02-20 16:29:23 | INFO |   [7] ('xgb', 'Ankara__40.24_33.03', 0, 12)
2026-02-20 16:29:23 | INFO |   [7] ('xgb', 'Ankara__40.24_33.03', 0, 60)
2026-02-20 16:29:23 | INFO |   [7] ('xgb_opt', 'Ankara__40.24_33.03', 0, 12)
2026-02-20 16:29:23 | INFO |   [7] ('xgb_opt', 'Ankara__40.24_33.03', 0, 60)
2026-02-20 16:29:23 | INFO |   [7] ('xgb', 'Dallas__32.85_-96.87', 6, 15)
2026-02-20 16:29:23 | INFO |   [7] ('xgb_opt', 'Dallas__32.85_-96.87', 6, 15)
2026-02-20 16:29:23 | INFO |   [7] ('xgb', 'Seattle__47.44_-122.3', 12, 81)
2026-02-20 16:29:23 | INFO |   [7] ('xgb_opt', 'Seattle__47.44_-122.3', 12, 81)
2026-02-20 16:29:23 | INFO |   [7] ('xgb', 'Ankara__40.24_33.03', 18, 66)
2026-02-20 16:29:23 | INFO |   [7] ('xgb', 'Seattle__47.44_-122.3', 18, 75)
2026-02-20 16:29:23 | INFO |   [7] ('xgb_opt', 'Ankara__40.24_33.03', 18, 66)
2026-02-20 16:29:23 | INFO |   [7] ('xgb_opt', 'Seattle__47.44_-122.3', 18, 75)
2026-02-20 16:29:23 | INFO |   [6] ('xgb', 'Ankara__40.24_33.03', 0, 84)
2026-02-20 16:29:23 | INFO |   [6] ('xgb', 'Atlanta__33.64_-84.41', 0, 45)
2026-02-20 16:29:23 | INFO |   [6] ('xgb', 'BuenosAires__-34.79_-58.52', 0, 18)
2026-02-20 16:29:23 | INFO |   [6] ('xgb', 'Dallas__32.85_-96.87', 0, 21)
2026-02-20 16:29:23 | INFO |   [6] ('xgb', 'Dallas__32.85_-96.87', 0, 45)
2026-02-20 16:29:23 | INFO |   [6] ('xgb', 'Dallas__32.85_-96.87', 0, 69)
2026-02-20 16:29:23 | INFO |   [6] ('xgb_opt', 'Ankara__40.24_33.03', 0, 84)
2026-02-20 16:29:23 | INFO |   [6] ('xgb_opt', 'Atlanta__33.64_-84.41', 0, 45)
2026-02-20 16:29:23 | INFO | Run complete. Summary written to /home/gkbrkgrr/Desktop/polymarket-weather-trading/bias_correction/artifacts/20260220_132659/run_summary.json
