2026-02-20 17:09:38 | INFO | Starting bias-correction run 20260220_140938
2026-02-20 17:09:38 | INFO | predictions_root=/home/gkbrkgrr/Desktop/polymarket-weather-trading/data/ml_predictions
2026-02-20 17:09:39 | INFO | Discovered 29898 prediction files across 2 models (skipped=0, parquet-fallback=0)
2026-02-20 17:09:39 | INFO | Date windows: train=2025010100..2025123118 backfill=2026010100..2026022006
2026-02-20 17:09:39 | INFO | Selected 26262 training files and 3636 backfill files
2026-02-20 17:09:39 | INFO | Loading external observations from directory: /home/gkbrkgrr/Desktop/polymarket-weather-trading/data/observations (9 files)
2026-02-20 17:09:41 | INFO | Loaded 85237 external daily observation rows
2026-02-20 17:09:41 | INFO | Loading normalized training table from /home/gkbrkgrr/Desktop/polymarket-weather-trading/bias_correction/intermediate/normalized_train_2025010100_2025123118_xgb_xgb_opt.parquet
2026-02-20 17:09:41 | INFO | Loading Stage-A training table from /home/gkbrkgrr/Desktop/polymarket-weather-trading/bias_correction/intermediate/stagea_train_2025010100_2025123118_xgb_xgb_opt.parquet
2026-02-20 17:09:41 | INFO | Replayed 124742 residual updates into Stage-A state from cached table
2026-02-20 17:09:41 | INFO | Stage-A-only mode enabled (rolling_window_days=45, ewma_halflife_days=14.0). Skipping Stage-B model training. Training rows with observations: 124742
2026-02-20 17:09:41 | INFO | Filled 80 missing observation values from external source using keys=city,target_date
2026-02-20 17:09:42 | INFO | Filled 88 missing observation values from external source using keys=city,target_date
2026-02-20 17:09:42 | INFO | Filled 88 missing observation values from external source using keys=city,target_date
2026-02-20 17:09:42 | INFO | Filled 86 missing observation values from external source using keys=city,target_date
2026-02-20 17:09:42 | INFO | Filled 80 missing observation values from external source using keys=city,target_date
2026-02-20 17:09:42 | INFO | Filled 88 missing observation values from external source using keys=city,target_date
2026-02-20 17:09:42 | INFO | Filled 88 missing observation values from external source using keys=city,target_date
2026-02-20 17:09:42 | INFO | Filled 86 missing observation values from external source using keys=city,target_date
2026-02-20 17:09:43 | INFO | Filled 80 missing observation values from external source using keys=city,target_date
2026-02-20 17:09:43 | INFO | Filled 88 missing observation values from external source using keys=city,target_date
2026-02-20 17:09:43 | INFO | Filled 88 missing observation values from external source using keys=city,target_date
2026-02-20 17:09:43 | INFO | Filled 86 missing observation values from external source using keys=city,target_date
2026-02-20 17:09:43 | INFO | Filled 80 missing observation values from external source using keys=city,target_date
2026-02-20 17:09:43 | INFO | Filled 88 missing observation values from external source using keys=city,target_date
2026-02-20 17:09:43 | INFO | Filled 88 missing observation values from external source using keys=city,target_date
2026-02-20 17:09:43 | INFO | Filled 86 missing observation values from external source using keys=city,target_date
2026-02-20 17:09:44 | INFO | Filled 80 missing observation values from external source using keys=city,target_date
2026-02-20 17:09:44 | INFO | Filled 88 missing observation values from external source using keys=city,target_date
2026-02-20 17:09:44 | INFO | Filled 88 missing observation values from external source using keys=city,target_date
2026-02-20 17:09:44 | INFO | Filled 86 missing observation values from external source using keys=city,target_date
2026-02-20 17:09:44 | INFO | Filled 80 missing observation values from external source using keys=city,target_date
2026-02-20 17:09:44 | INFO | Filled 88 missing observation values from external source using keys=city,target_date
2026-02-20 17:09:44 | INFO | Filled 88 missing observation values from external source using keys=city,target_date
2026-02-20 17:09:44 | INFO | Filled 86 missing observation values from external source using keys=city,target_date
2026-02-20 17:09:45 | INFO | Filled 80 missing observation values from external source using keys=city,target_date
2026-02-20 17:09:45 | INFO | Filled 88 missing observation values from external source using keys=city,target_date
2026-02-20 17:09:45 | INFO | Filled 88 missing observation values from external source using keys=city,target_date
2026-02-20 17:09:45 | INFO | Filled 86 missing observation values from external source using keys=city,target_date
2026-02-20 17:09:45 | INFO | Filled 80 missing observation values from external source using keys=city,target_date
2026-02-20 17:09:45 | INFO | Filled 88 missing observation values from external source using keys=city,target_date
2026-02-20 17:09:45 | INFO | Filled 88 missing observation values from external source using keys=city,target_date
2026-02-20 17:09:45 | INFO | Filled 86 missing observation values from external source using keys=city,target_date
2026-02-20 17:09:45 | INFO | Filled 80 missing observation values from external source using keys=city,target_date
2026-02-20 17:09:46 | INFO | Filled 88 missing observation values from external source using keys=city,target_date
2026-02-20 17:09:46 | INFO | Filled 88 missing observation values from external source using keys=city,target_date
2026-02-20 17:09:46 | INFO | Filled 86 missing observation values from external source using keys=city,target_date
2026-02-20 17:09:46 | INFO | Filled 80 missing observation values from external source using keys=city,target_date
2026-02-20 17:09:46 | INFO | Filled 88 missing observation values from external source using keys=city,target_date
2026-02-20 17:09:46 | INFO | Filled 88 missing observation values from external source using keys=city,target_date
2026-02-20 17:09:46 | INFO | Filled 86 missing observation values from external source using keys=city,target_date
2026-02-20 17:09:47 | INFO | Filled 80 missing observation values from external source using keys=city,target_date
2026-02-20 17:09:47 | INFO | Filled 88 missing observation values from external source using keys=city,target_date
2026-02-20 17:09:47 | INFO | Filled 88 missing observation values from external source using keys=city,target_date
2026-02-20 17:09:47 | INFO | Filled 86 missing observation values from external source using keys=city,target_date
2026-02-20 17:09:47 | INFO | Filled 80 missing observation values from external source using keys=city,target_date
2026-02-20 17:09:47 | INFO | Filled 88 missing observation values from external source using keys=city,target_date
2026-02-20 17:09:47 | INFO | Filled 88 missing observation values from external source using keys=city,target_date
2026-02-20 17:09:47 | INFO | Filled 86 missing observation values from external source using keys=city,target_date
2026-02-20 17:09:47 | INFO | Filled 80 missing observation values from external source using keys=city,target_date
2026-02-20 17:09:48 | INFO | Filled 88 missing observation values from external source using keys=city,target_date
2026-02-20 17:09:48 | INFO | Filled 88 missing observation values from external source using keys=city,target_date
2026-02-20 17:09:48 | INFO | Filled 86 missing observation values from external source using keys=city,target_date
2026-02-20 17:09:48 | INFO | Filled 80 missing observation values from external source using keys=city,target_date
2026-02-20 17:09:48 | INFO | Filled 88 missing observation values from external source using keys=city,target_date
2026-02-20 17:09:48 | INFO | Filled 88 missing observation values from external source using keys=city,target_date
2026-02-20 17:09:48 | INFO | Filled 86 missing observation values from external source using keys=city,target_date
2026-02-20 17:09:48 | INFO | Filled 80 missing observation values from external source using keys=city,target_date
2026-02-20 17:09:49 | INFO | Filled 88 missing observation values from external source using keys=city,target_date
2026-02-20 17:09:49 | INFO | Filled 88 missing observation values from external source using keys=city,target_date
2026-02-20 17:09:49 | INFO | Filled 86 missing observation values from external source using keys=city,target_date
2026-02-20 17:09:49 | INFO | Filled 80 missing observation values from external source using keys=city,target_date
2026-02-20 17:09:49 | INFO | Filled 88 missing observation values from external source using keys=city,target_date
2026-02-20 17:09:49 | INFO | Filled 88 missing observation values from external source using keys=city,target_date
2026-02-20 17:09:49 | INFO | Filled 86 missing observation values from external source using keys=city,target_date
2026-02-20 17:09:49 | INFO | Filled 80 missing observation values from external source using keys=city,target_date
2026-02-20 17:09:50 | INFO | Filled 88 missing observation values from external source using keys=city,target_date
2026-02-20 17:09:50 | INFO | Filled 88 missing observation values from external source using keys=city,target_date
2026-02-20 17:09:50 | INFO | Filled 86 missing observation values from external source using keys=city,target_date
2026-02-20 17:09:50 | INFO | Filled 80 missing observation values from external source using keys=city,target_date
2026-02-20 17:09:50 | INFO | Filled 88 missing observation values from external source using keys=city,target_date
2026-02-20 17:09:50 | INFO | Filled 88 missing observation values from external source using keys=city,target_date
2026-02-20 17:09:50 | INFO | Filled 86 missing observation values from external source using keys=city,target_date
2026-02-20 17:09:50 | INFO | Filled 80 missing observation values from external source using keys=city,target_date
2026-02-20 17:09:51 | INFO | Filled 88 missing observation values from external source using keys=city,target_date
2026-02-20 17:09:51 | INFO | Filled 88 missing observation values from external source using keys=city,target_date
2026-02-20 17:09:51 | INFO | Filled 86 missing observation values from external source using keys=city,target_date
2026-02-20 17:09:51 | INFO | Filled 80 missing observation values from external source using keys=city,target_date
2026-02-20 17:09:51 | INFO | Filled 88 missing observation values from external source using keys=city,target_date
2026-02-20 17:09:51 | INFO | Filled 88 missing observation values from external source using keys=city,target_date
2026-02-20 17:09:51 | INFO | Filled 86 missing observation values from external source using keys=city,target_date
2026-02-20 17:09:51 | INFO | Filled 80 missing observation values from external source using keys=city,target_date
2026-02-20 17:09:52 | INFO | Filled 88 missing observation values from external source using keys=city,target_date
2026-02-20 17:09:52 | INFO | Filled 88 missing observation values from external source using keys=city,target_date
2026-02-20 17:09:52 | INFO | Filled 86 missing observation values from external source using keys=city,target_date
2026-02-20 17:09:52 | INFO | Filled 80 missing observation values from external source using keys=city,target_date
2026-02-20 17:09:52 | INFO | Filled 88 missing observation values from external source using keys=city,target_date
2026-02-20 17:09:52 | INFO | Filled 88 missing observation values from external source using keys=city,target_date
2026-02-20 17:09:52 | INFO | Filled 86 missing observation values from external source using keys=city,target_date
2026-02-20 17:09:52 | INFO | Filled 80 missing observation values from external source using keys=city,target_date
2026-02-20 17:09:53 | INFO | Filled 88 missing observation values from external source using keys=city,target_date
2026-02-20 17:09:53 | INFO | Filled 88 missing observation values from external source using keys=city,target_date
2026-02-20 17:09:53 | INFO | Filled 86 missing observation values from external source using keys=city,target_date
2026-02-20 17:09:53 | INFO | Filled 80 missing observation values from external source using keys=city,target_date
2026-02-20 17:09:53 | INFO | Filled 88 missing observation values from external source using keys=city,target_date
2026-02-20 17:09:53 | INFO | Filled 88 missing observation values from external source using keys=city,target_date
2026-02-20 17:09:53 | INFO | Filled 86 missing observation values from external source using keys=city,target_date
2026-02-20 17:09:53 | INFO | Filled 80 missing observation values from external source using keys=city,target_date
2026-02-20 17:09:54 | INFO | Filled 88 missing observation values from external source using keys=city,target_date
2026-02-20 17:09:54 | INFO | Filled 88 missing observation values from external source using keys=city,target_date
2026-02-20 17:09:54 | INFO | Filled 86 missing observation values from external source using keys=city,target_date
2026-02-20 17:09:54 | INFO | Filled 80 missing observation values from external source using keys=city,target_date
2026-02-20 17:09:54 | INFO | Filled 88 missing observation values from external source using keys=city,target_date
2026-02-20 17:09:54 | INFO | Filled 88 missing observation values from external source using keys=city,target_date
2026-02-20 17:09:54 | INFO | Filled 86 missing observation values from external source using keys=city,target_date
2026-02-20 17:09:54 | INFO | Filled 80 missing observation values from external source using keys=city,target_date
2026-02-20 17:09:55 | INFO | Filled 88 missing observation values from external source using keys=city,target_date
2026-02-20 17:09:55 | INFO | Filled 88 missing observation values from external source using keys=city,target_date
2026-02-20 17:09:55 | INFO | Filled 86 missing observation values from external source using keys=city,target_date
2026-02-20 17:09:55 | INFO | Filled 80 missing observation values from external source using keys=city,target_date
2026-02-20 17:09:55 | INFO | Filled 88 missing observation values from external source using keys=city,target_date
2026-02-20 17:09:55 | INFO | Filled 88 missing observation values from external source using keys=city,target_date
2026-02-20 17:09:55 | INFO | Filled 86 missing observation values from external source using keys=city,target_date
2026-02-20 17:09:55 | INFO | Filled 80 missing observation values from external source using keys=city,target_date
2026-02-20 17:09:56 | INFO | Filled 88 missing observation values from external source using keys=city,target_date
2026-02-20 17:09:56 | INFO | Filled 88 missing observation values from external source using keys=city,target_date
2026-02-20 17:09:56 | INFO | Filled 86 missing observation values from external source using keys=city,target_date
2026-02-20 17:09:56 | INFO | Filled 80 missing observation values from external source using keys=city,target_date
2026-02-20 17:09:56 | INFO | Filled 88 missing observation values from external source using keys=city,target_date
2026-02-20 17:09:56 | INFO | Filled 88 missing observation values from external source using keys=city,target_date
2026-02-20 17:09:56 | INFO | Filled 86 missing observation values from external source using keys=city,target_date
2026-02-20 17:09:56 | INFO | Filled 80 missing observation values from external source using keys=city,target_date
2026-02-20 17:09:57 | INFO | Filled 88 missing observation values from external source using keys=city,target_date
2026-02-20 17:09:57 | INFO | Filled 88 missing observation values from external source using keys=city,target_date
2026-02-20 17:09:57 | INFO | Filled 86 missing observation values from external source using keys=city,target_date
2026-02-20 17:09:57 | INFO | Filled 80 missing observation values from external source using keys=city,target_date
2026-02-20 17:09:57 | INFO | Filled 88 missing observation values from external source using keys=city,target_date
2026-02-20 17:09:57 | INFO | Filled 88 missing observation values from external source using keys=city,target_date
2026-02-20 17:09:57 | INFO | Filled 86 missing observation values from external source using keys=city,target_date
2026-02-20 17:09:57 | INFO | Filled 80 missing observation values from external source using keys=city,target_date
2026-02-20 17:09:58 | INFO | Filled 88 missing observation values from external source using keys=city,target_date
2026-02-20 17:09:58 | INFO | Filled 88 missing observation values from external source using keys=city,target_date
2026-02-20 17:09:58 | INFO | Filled 86 missing observation values from external source using keys=city,target_date
2026-02-20 17:09:58 | INFO | Filled 80 missing observation values from external source using keys=city,target_date
2026-02-20 17:09:58 | INFO | Filled 88 missing observation values from external source using keys=city,target_date
2026-02-20 17:09:58 | INFO | Filled 88 missing observation values from external source using keys=city,target_date
2026-02-20 17:09:58 | INFO | Filled 86 missing observation values from external source using keys=city,target_date
2026-02-20 17:09:58 | INFO | Filled 80 missing observation values from external source using keys=city,target_date
2026-02-20 17:09:59 | INFO | Filled 88 missing observation values from external source using keys=city,target_date
2026-02-20 17:09:59 | INFO | Filled 88 missing observation values from external source using keys=city,target_date
2026-02-20 17:09:59 | INFO | Filled 86 missing observation values from external source using keys=city,target_date
2026-02-20 17:09:59 | INFO | Filled 80 missing observation values from external source using keys=city,target_date
2026-02-20 17:09:59 | INFO | Filled 88 missing observation values from external source using keys=city,target_date
2026-02-20 17:09:59 | INFO | Filled 88 missing observation values from external source using keys=city,target_date
2026-02-20 17:09:59 | INFO | Filled 86 missing observation values from external source using keys=city,target_date
2026-02-20 17:09:59 | INFO | Filled 80 missing observation values from external source using keys=city,target_date
2026-02-20 17:10:00 | INFO | Filled 88 missing observation values from external source using keys=city,target_date
2026-02-20 17:10:00 | INFO | Filled 88 missing observation values from external source using keys=city,target_date
2026-02-20 17:10:00 | INFO | Filled 86 missing observation values from external source using keys=city,target_date
2026-02-20 17:10:00 | INFO | Filled 80 missing observation values from external source using keys=city,target_date
2026-02-20 17:10:00 | INFO | Filled 88 missing observation values from external source using keys=city,target_date
2026-02-20 17:10:00 | INFO | Filled 88 missing observation values from external source using keys=city,target_date
2026-02-20 17:10:00 | INFO | Filled 86 missing observation values from external source using keys=city,target_date
2026-02-20 17:10:00 | INFO | Filled 80 missing observation values from external source using keys=city,target_date
2026-02-20 17:10:01 | INFO | Filled 88 missing observation values from external source using keys=city,target_date
2026-02-20 17:10:01 | INFO | Filled 88 missing observation values from external source using keys=city,target_date
2026-02-20 17:10:01 | INFO | Filled 86 missing observation values from external source using keys=city,target_date
2026-02-20 17:10:01 | INFO | Filled 80 missing observation values from external source using keys=city,target_date
2026-02-20 17:10:01 | INFO | Filled 88 missing observation values from external source using keys=city,target_date
2026-02-20 17:10:01 | INFO | Filled 88 missing observation values from external source using keys=city,target_date
2026-02-20 17:10:01 | INFO | Filled 86 missing observation values from external source using keys=city,target_date
2026-02-20 17:10:01 | INFO | Filled 80 missing observation values from external source using keys=city,target_date
2026-02-20 17:10:01 | INFO | Filled 88 missing observation values from external source using keys=city,target_date
2026-02-20 17:10:02 | INFO | Filled 88 missing observation values from external source using keys=city,target_date
2026-02-20 17:10:02 | INFO | Filled 86 missing observation values from external source using keys=city,target_date
2026-02-20 17:10:02 | INFO | Filled 80 missing observation values from external source using keys=city,target_date
2026-02-20 17:10:02 | INFO | Filled 88 missing observation values from external source using keys=city,target_date
2026-02-20 17:10:02 | INFO | Filled 88 missing observation values from external source using keys=city,target_date
2026-02-20 17:10:02 | INFO | Filled 86 missing observation values from external source using keys=city,target_date
2026-02-20 17:10:02 | INFO | Filled 80 missing observation values from external source using keys=city,target_date
2026-02-20 17:10:02 | INFO | Filled 88 missing observation values from external source using keys=city,target_date
2026-02-20 17:10:03 | INFO | Filled 88 missing observation values from external source using keys=city,target_date
2026-02-20 17:10:03 | INFO | Filled 86 missing observation values from external source using keys=city,target_date
2026-02-20 17:10:03 | INFO | Filled 80 missing observation values from external source using keys=city,target_date
2026-02-20 17:10:03 | INFO | Filled 88 missing observation values from external source using keys=city,target_date
2026-02-20 17:10:03 | INFO | Filled 88 missing observation values from external source using keys=city,target_date
2026-02-20 17:10:03 | INFO | Filled 86 missing observation values from external source using keys=city,target_date
2026-02-20 17:10:03 | INFO | Filled 80 missing observation values from external source using keys=city,target_date
2026-02-20 17:10:03 | INFO | Filled 88 missing observation values from external source using keys=city,target_date
2026-02-20 17:10:04 | INFO | Filled 88 missing observation values from external source using keys=city,target_date
2026-02-20 17:10:04 | INFO | Filled 86 missing observation values from external source using keys=city,target_date
2026-02-20 17:10:04 | INFO | Filled 80 missing observation values from external source using keys=city,target_date
2026-02-20 17:10:04 | INFO | Filled 88 missing observation values from external source using keys=city,target_date
2026-02-20 17:10:04 | INFO | Filled 88 missing observation values from external source using keys=city,target_date
2026-02-20 17:10:04 | INFO | Filled 86 missing observation values from external source using keys=city,target_date
2026-02-20 17:10:04 | INFO | Filled 80 missing observation values from external source using keys=city,target_date
2026-02-20 17:10:04 | INFO | Filled 88 missing observation values from external source using keys=city,target_date
2026-02-20 17:10:05 | INFO | Filled 88 missing observation values from external source using keys=city,target_date
2026-02-20 17:10:05 | INFO | Filled 84 missing observation values from external source using keys=city,target_date
2026-02-20 17:10:05 | INFO | Filled 74 missing observation values from external source using keys=city,target_date
2026-02-20 17:10:05 | INFO | Filled 72 missing observation values from external source using keys=city,target_date
2026-02-20 17:10:05 | INFO | Filled 70 missing observation values from external source using keys=city,target_date
2026-02-20 17:10:05 | INFO | Filled 66 missing observation values from external source using keys=city,target_date
2026-02-20 17:10:05 | INFO | Filled 56 missing observation values from external source using keys=city,target_date
2026-02-20 17:10:05 | INFO | Filled 54 missing observation values from external source using keys=city,target_date
2026-02-20 17:10:06 | INFO | Filled 52 missing observation values from external source using keys=city,target_date
2026-02-20 17:10:06 | INFO | Filled 48 missing observation values from external source using keys=city,target_date
2026-02-20 17:10:06 | INFO | Filled 38 missing observation values from external source using keys=city,target_date
2026-02-20 17:10:06 | INFO | Filled 36 missing observation values from external source using keys=city,target_date
2026-02-20 17:10:06 | INFO | Filled 34 missing observation values from external source using keys=city,target_date
2026-02-20 17:10:06 | INFO | Filled 30 missing observation values from external source using keys=city,target_date
2026-02-20 17:10:06 | INFO | Filled 20 missing observation values from external source using keys=city,target_date
2026-02-20 17:10:06 | INFO | Filled 18 missing observation values from external source using keys=city,target_date
2026-02-20 17:10:07 | INFO | Backfill normalization warnings (1 unique):
2026-02-20 17:10:07 | INFO |   [3636] station_name missing: derived from city + station_lat/station_lon
2026-02-20 17:10:07 | INFO | Run complete. Summary written to /home/gkbrkgrr/Desktop/polymarket-weather-trading/bias_correction/artifacts/20260220_140938/run_summary.json
